<?xml version="1.0" encoding="UTF-8"?>
<!-- Generated by org.testng.reporters.JUnitReportReporter -->
<testsuite hostname="LT-PRAVEEN" failures="0" tests="1" name="com.inetbanking.testCases.TC_AddCustomerTest_003" time="16.248" errors="0" timestamp="16 Nov 2021 14:07:34 GMT" skipped="0">
  <testcase classname="com.inetbanking.testCases.TC_AddCustomerTest_003" name="addNewCustomer" time="16.248"/>
</testsuite> <!-- com.inetbanking.testCases.TC_AddCustomerTest_003 -->
