<?xml version="1.0" encoding="UTF-8"?>
<!-- Generated by org.testng.reporters.JUnitReportReporter -->
<testsuite hostname="LT-PRAVEEN" failures="0" tests="1" name="com.inetbanking.testCases.TC_LoginTest_001" time="3.068" errors="0" timestamp="16 Nov 2021 14:07:34 GMT" skipped="0">
  <testcase classname="com.inetbanking.testCases.TC_LoginTest_001" name="loginTest" time="3.068"/>
</testsuite> <!-- com.inetbanking.testCases.TC_LoginTest_001 -->
